Listening on port 35479
Handling message type "start".
[36m[2016-01-12 12:45:13.736] [DEBUG] config - [39mNo config file specified.
Karma.start { LOG_DISABLE: 'OFF',
  LOG_ERROR: 'ERROR',
  LOG_WARN: 'WARN',
  LOG_INFO: 'INFO',
  LOG_DEBUG: 'DEBUG',
  set: [Function],
  frameworks: [ 'jasmine' ],
  protocol: 'http:',
  port: 9876,
  hostname: 'localhost',
  httpsServerConfig: {},
  basePath: '/home/vagrant/dev/bigbluebutton/bigbluebutton-html5/app',
  files: 
   [ { pattern: '/home/vagrant/dev/bigbluebutton/bigbluebutton-html5/app/.meteor/local/build/programs/server/assets/packages/sanjo_jasmine/src/client/unit/assets/__meteor_runtime_config__.js',
       served: true,
       included: true,
       watched: true,
       nocache: false },
     { pattern: '/home/vagrant/dev/bigbluebutton/bigbluebutton-html5/app/.meteor/local/build/programs/web.browser/packages/underscore.js',
       served: true,
       included: true,
       watched: false,
       nocache: false },
     { pattern: '/home/vagrant/dev/bigbluebutton/bigbluebutton-html5/app/.meteor/local/build/programs/web.browser/packages/meteor.js',
       served: true,
       included: true,
       watched: false,
       nocache: false },
     { pattern: '/home/vagrant/dev/bigbluebutton/bigbluebutton-html5/app/.meteor/local/build/programs/web.browser/packages/standard-app-packages.js',
       served: true,
       included: true,
       watched: false,
       nocache: false },
     { pattern: '/home/vagrant/dev/bigbluebutton/bigbluebutton-html5/app/.meteor/local/build/programs/web.browser/packages/coffeescript.js',
       served: true,
       included: true,
       watched: false,
       nocache: false },
     { pattern: '/home/vagrant/dev/bigbluebutton/bigbluebutton-html5/app/.meteor/local/build/programs/web.browser/packages/mrt_redis.js',
       served: true,
       included: true,
       watched: false,
       nocache: false },
     { pattern: '/home/vagrant/dev/bigbluebutton/bigbluebutton-html5/app/.meteor/local/build/programs/web.browser/packages/arunoda_npm.js',
       served: true,
       included: true,
       watched: false,
       nocache: false },
     { pattern: '/home/vagrant/dev/bigbluebutton/bigbluebutton-html5/app/.meteor/local/build/programs/web.browser/packages/jquery.js',
       served: true,
       included: true,
       watched: false,
       nocache: false },
     { pattern: '/home/vagrant/dev/bigbluebutton/bigbluebutton-html5/app/.meteor/local/build/programs/web.browser/packages/amplify.js',
       served: true,
       included: true,
       watched: false,
       nocache: false },
     { pattern: '/home/vagrant/dev/bigbluebutton/bigbluebutton-html5/app/.meteor/local/build/programs/web.browser/packages/tracker.js',
       served: true,
       included: true,
       watched: false,
       nocache: false },
     { pattern: '/home/vagrant/dev/bigbluebutton/bigbluebutton-html5/app/.meteor/local/build/programs/web.browser/packages/deps.js',
       served: true,
       included: true,
       watched: false,
       nocache: false },
     { pattern: '/home/vagrant/dev/bigbluebutton/bigbluebutton-html5/app/.meteor/local/build/programs/web.browser/packages/base64.js',
       served: true,
       included: true,
       watched: false,
       nocache: false },
     { pattern: '/home/vagrant/dev/bigbluebutton/bigbluebutton-html5/app/.meteor/local/build/programs/web.browser/packages/ejson.js',
       served: true,
       included: true,
       watched: false,
       nocache: false },
     { pattern: '/home/vagrant/dev/bigbluebutton/bigbluebutton-html5/app/.meteor/local/build/programs/web.browser/packages/check.js',
       served: true,
       included: true,
       watched: false,
       nocache: false },
     { pattern: '/home/vagrant/dev/bigbluebutton/bigbluebutton-html5/app/.meteor/local/build/programs/web.browser/packages/htmljs.js',
       served: true,
       included: true,
       watched: false,
       nocache: false },
     { pattern: '/home/vagrant/dev/bigbluebutton/bigbluebutton-html5/app/.meteor/local/build/programs/web.browser/packages/id-map.js',
       served: true,
       included: true,
       watched: false,
       nocache: false },
     { pattern: '/home/vagrant/dev/bigbluebutton/bigbluebutton-html5/app/.meteor/local/build/programs/web.browser/packages/random.js',
       served: true,
       included: true,
       watched: false,
       nocache: false },
     { pattern: '/home/vagrant/dev/bigbluebutton/bigbluebutton-html5/app/.meteor/local/build/programs/web.browser/packages/mongo-id.js',
       served: true,
       included: true,
       watched: false,
       nocache: false },
     { pattern: '/home/vagrant/dev/bigbluebutton/bigbluebutton-html5/app/.meteor/local/build/programs/web.browser/packages/diff-sequence.js',
       served: true,
       included: true,
       watched: false,
       nocache: false },
     { pattern: '/home/vagrant/dev/bigbluebutton/bigbluebutton-html5/app/.meteor/local/build/programs/web.browser/packages/observe-sequence.js',
       served: true,
       included: true,
       watched: false,
       nocache: false },
     { pattern: '/home/vagrant/dev/bigbluebutton/bigbluebutton-html5/app/.meteor/local/build/programs/web.browser/packages/reactive-var.js',
       served: true,
       included: true,
       watched: false,
       nocache: false },
     { pattern: '/home/vagrant/dev/bigbluebutton/bigbluebutton-html5/app/.meteor/local/build/programs/web.browser/packages/blaze.js',
       served: true,
       included: true,
       watched: false,
       nocache: false },
     { pattern: '/home/vagrant/dev/bigbluebutton/bigbluebutton-html5/app/.meteor/local/build/programs/web.browser/packages/ui.js',
       served: true,
       included: true,
       watched: false,
       nocache: false },
     { pattern: '/home/vagrant/dev/bigbluebutton/bigbluebutton-html5/app/.meteor/local/build/programs/web.browser/packages/spacebars.js',
       served: true,
       included: true,
       watched: false,
       nocache: false },
     { pattern: '/home/vagrant/dev/bigbluebutton/bigbluebutton-html5/app/.meteor/local/build/programs/web.browser/packages/templating.js',
       served: true,
       included: true,
       watched: false,
       nocache: false },
     { pattern: '/home/vagrant/dev/bigbluebutton/bigbluebutton-html5/app/.meteor/local/build/programs/web.browser/packages/iron_core.js',
       served: true,
       included: true,
       watched: false,
       nocache: false },
     { pattern: '/home/vagrant/dev/bigbluebutton/bigbluebutton-html5/app/.meteor/local/build/programs/web.browser/packages/iron_dynamic-template.js',
       served: true,
       included: true,
       watched: false,
       nocache: false },
     { pattern: '/home/vagrant/dev/bigbluebutton/bigbluebutton-html5/app/.meteor/local/build/programs/web.browser/packages/iron_layout.js',
       served: true,
       included: true,
       watched: false,
       nocache: false },
     { pattern: '/home/vagrant/dev/bigbluebutton/bigbluebutton-html5/app/.meteor/local/build/programs/web.browser/packages/iron_url.js',
       served: true,
       included: true,
       watched: false,
       nocache: false },
     { pattern: '/home/vagrant/dev/bigbluebutton/bigbluebutton-html5/app/.meteor/local/build/programs/web.browser/packages/iron_middleware-stack.js',
       served: true,
       included: true,
       watched: false,
       nocache: false },
     { pattern: '/home/vagrant/dev/bigbluebutton/bigbluebutton-html5/app/.meteor/local/build/programs/web.browser/packages/iron_location.js',
       served: true,
       included: true,
       watched: false,
       nocache: false },
     { pattern: '/home/vagrant/dev/bigbluebutton/bigbluebutton-html5/app/.meteor/local/build/programs/web.browser/packages/ordered-dict.js',
       served: true,
       included: true,
       watched: false,
       nocache: false },
     { pattern: '/home/vagrant/dev/bigbluebutton/bigbluebutton-html5/app/.meteor/local/build/programs/web.browser/packages/geojson-utils.js',
       served: true,
       included: true,
       watched: false,
       nocache: false },
     { pattern: '/home/vagrant/dev/bigbluebutton/bigbluebutton-html5/app/.meteor/local/build/programs/web.browser/packages/minimongo.js',
       served: true,
       included: true,
       watched: false,
       nocache: false },
     { pattern: '/home/vagrant/dev/bigbluebutton/bigbluebutton-html5/app/.meteor/local/build/programs/web.browser/packages/retry.js',
       served: true,
       included: true,
       watched: false,
       nocache: false },
     { pattern: '/home/vagrant/dev/bigbluebutton/bigbluebutton-html5/app/.meteor/local/build/programs/web.browser/packages/ddp-common.js',
       served: true,
       included: true,
       watched: false,
       nocache: false },
     { pattern: '/home/vagrant/dev/bigbluebutton/bigbluebutton-html5/app/.meteor/local/build/programs/server/assets/packages/sanjo_jasmine/src/client/unit/assets/mocks/packages/reload.js',
       served: true,
       included: true,
       watched: true,
       nocache: false },
     { pattern: '/home/vagrant/dev/bigbluebutton/bigbluebutton-html5/app/.meteor/local/build/programs/web.browser/packages/ddp-client.js',
       served: true,
       included: true,
       watched: false,
       nocache: false },
     { pattern: '/home/vagrant/dev/bigbluebutton/bigbluebutton-html5/app/.meteor/local/build/programs/web.browser/packages/ddp.js',
       served: true,
       included: true,
       watched: false,
       nocache: false },
     { pattern: '/home/vagrant/dev/bigbluebutton/bigbluebutton-html5/app/.meteor/local/build/programs/web.browser/packages/ddp-server.js',
       served: true,
       included: true,
       watched: false,
       nocache: false },
     { pattern: '/home/vagrant/dev/bigbluebutton/bigbluebutton-html5/app/.meteor/local/build/programs/web.browser/packages/mongo.js',
       served: true,
       included: true,
       watched: false,
       nocache: false },
     { pattern: '/home/vagrant/dev/bigbluebutton/bigbluebutton-html5/app/.meteor/local/build/programs/web.browser/packages/reactive-dict.js',
       served: true,
       included: true,
       watched: false,
       nocache: false },
     { pattern: '/home/vagrant/dev/bigbluebutton/bigbluebutton-html5/app/.meteor/local/build/programs/web.browser/packages/iron_controller.js',
       served: true,
       included: true,
       watched: false,
       nocache: false },
     { pattern: '/home/vagrant/dev/bigbluebutton/bigbluebutton-html5/app/.meteor/local/build/programs/web.browser/packages/iron_router.js',
       served: true,
       included: true,
       watched: false,
       nocache: false },
     { pattern: '/home/vagrant/dev/bigbluebutton/bigbluebutton-html5/app/.meteor/local/build/programs/web.browser/packages/less.js',
       served: true,
       included: true,
       watched: false,
       nocache: false },
     { pattern: '/home/vagrant/dev/bigbluebutton/bigbluebutton-html5/app/.meteor/local/build/programs/web.browser/packages/raix_eventemitter.js',
       served: true,
       included: true,
       watched: false,
       nocache: false },
     { pattern: '/home/vagrant/dev/bigbluebutton/bigbluebutton-html5/app/.meteor/local/build/programs/web.browser/packages/meteorspark_util.js',
       served: true,
       included: true,
       watched: false,
       nocache: false },
     { pattern: '/home/vagrant/dev/bigbluebutton/bigbluebutton-html5/app/.meteor/local/build/programs/web.browser/packages/session.js',
       served: true,
       included: true,
       watched: false,
       nocache: false },
     { pattern: '/home/vagrant/dev/bigbluebutton/bigbluebutton-html5/app/.meteor/local/build/programs/web.browser/packages/tap_i18n.js',
       served: true,
       included: true,
       watched: false,
       nocache: false },
     { pattern: '/home/vagrant/dev/bigbluebutton/bigbluebutton-html5/app/.meteor/local/build/programs/web.browser/packages/francocatena_status.js',
       served: true,
       included: true,
       watched: false,
       nocache: false },
     { pattern: '/home/vagrant/dev/bigbluebutton/bigbluebutton-html5/app/.meteor/local/build/programs/web.browser/packages/mizzao_build-fetcher.js',
       served: true,
       included: true,
       watched: false,
       nocache: false },
     { pattern: '/home/vagrant/dev/bigbluebutton/bigbluebutton-html5/app/.meteor/local/build/programs/web.browser/packages/mizzao_jquery-ui.js',
       served: true,
       included: true,
       watched: false,
       nocache: false },
     { pattern: '/home/vagrant/dev/bigbluebutton/bigbluebutton-html5/app/.meteor/local/build/programs/web.browser/packages/mrt_external-file-loader.js',
       served: true,
       included: true,
       watched: false,
       nocache: false },
     { pattern: '/home/vagrant/dev/bigbluebutton/bigbluebutton-html5/app/.meteor/local/build/programs/web.browser/packages/brentjanderson_winston-client.js',
       served: true,
       included: true,
       watched: false,
       nocache: false },
     { pattern: '/home/vagrant/dev/bigbluebutton/bigbluebutton-html5/app/.meteor/local/build/programs/web.browser/packages/duongthienduc_meteor-winston.js',
       served: true,
       included: true,
       watched: false,
       nocache: false },
     { pattern: '/home/vagrant/dev/bigbluebutton/bigbluebutton-html5/app/.meteor/local/build/programs/web.browser/packages/url.js',
       served: true,
       included: true,
       watched: false,
       nocache: false },
     { pattern: '/home/vagrant/dev/bigbluebutton/bigbluebutton-html5/app/.meteor/local/build/programs/web.browser/packages/http.js',
       served: true,
       included: true,
       watched: false,
       nocache: false },
     { pattern: '/home/vagrant/dev/bigbluebutton/bigbluebutton-html5/app/.meteor/local/build/programs/web.browser/packages/mizzao_timesync.js',
       served: true,
       included: true,
       watched: false,
       nocache: false },
     { pattern: '/home/vagrant/dev/bigbluebutton/bigbluebutton-html5/app/.meteor/local/build/programs/web.browser/packages/agnito_raphael.js',
       served: true,
       included: true,
       watched: false,
       nocache: false },
     { pattern: '/home/vagrant/dev/bigbluebutton/bigbluebutton-html5/app/.meteor/local/build/programs/web.browser/packages/clinical_nightwatch.js',
       served: true,
       included: true,
       watched: false,
       nocache: false },
     { pattern: '/home/vagrant/dev/bigbluebutton/bigbluebutton-html5/app/.meteor/local/build/programs/web.browser/packages/webapp.js',
       served: true,
       included: true,
       watched: false,
       nocache: false },
     { pattern: '/home/vagrant/dev/bigbluebutton/bigbluebutton-html5/app/.meteor/local/build/programs/web.browser/packages/practicalmeteor_chai.js',
       served: true,
       included: true,
       watched: false,
       nocache: false },
     { pattern: '/home/vagrant/dev/bigbluebutton/bigbluebutton-html5/app/.meteor/local/build/programs/web.browser/packages/practicalmeteor_loglevel.js',
       served: true,
       included: true,
       watched: false,
       nocache: false },
     { pattern: '/home/vagrant/dev/bigbluebutton/bigbluebutton-html5/app/.meteor/local/build/programs/web.browser/packages/babel-compiler.js',
       served: true,
       included: true,
       watched: false,
       nocache: false },
     { pattern: '/home/vagrant/dev/bigbluebutton/bigbluebutton-html5/app/.meteor/local/build/programs/web.browser/packages/ecmascript.js',
       served: true,
       included: true,
       watched: false,
       nocache: false },
     { pattern: '/home/vagrant/dev/bigbluebutton/bigbluebutton-html5/app/.meteor/local/build/programs/web.browser/packages/velocity_meteor-internals.js',
       served: true,
       included: true,
       watched: false,
       nocache: false },
     { pattern: '/home/vagrant/dev/bigbluebutton/bigbluebutton-html5/app/.meteor/local/build/programs/web.browser/packages/velocity_source-map-support.js',
       served: true,
       included: true,
       watched: false,
       nocache: false },
     { pattern: '/home/vagrant/dev/bigbluebutton/bigbluebutton-html5/app/.meteor/local/build/programs/web.browser/packages/babel-runtime.js',
       served: true,
       included: true,
       watched: false,
       nocache: false },
     { pattern: '/home/vagrant/dev/bigbluebutton/bigbluebutton-html5/app/.meteor/local/build/programs/web.browser/packages/promise.js',
       served: true,
       included: true,
       watched: false,
       nocache: false },
     { pattern: '/home/vagrant/dev/bigbluebutton/bigbluebutton-html5/app/.meteor/local/build/programs/web.browser/packages/ecmascript-collections.js',
       served: true,
       included: true,
       watched: false,
       nocache: false },
     { pattern: '/home/vagrant/dev/bigbluebutton/bigbluebutton-html5/app/.meteor/local/build/programs/web.browser/packages/velocity_core.js',
       served: true,
       included: true,
       watched: false,
       nocache: false },
     { pattern: '/home/vagrant/dev/bigbluebutton/bigbluebutton-html5/app/.meteor/local/build/programs/web.browser/packages/velocity_shim.js',
       served: true,
       included: true,
       watched: false,
       nocache: false },
     { pattern: '/home/vagrant/dev/bigbluebutton/bigbluebutton-html5/app/.meteor/local/build/programs/web.browser/packages/velocity_meteor-stubs.js',
       served: true,
       included: true,
       watched: false,
       nocache: false },
     { pattern: '/home/vagrant/dev/bigbluebutton/bigbluebutton-html5/app/.meteor/local/build/programs/web.browser/packages/pagebakers_ionicons.js',
       served: true,
       included: true,
       watched: false,
       nocache: false },
     { pattern: '/home/vagrant/dev/bigbluebutton/bigbluebutton-html5/app/.meteor/local/build/programs/web.browser/packages/ewall_foundation.js',
       served: true,
       included: true,
       watched: false,
       nocache: false },
     { pattern: '/home/vagrant/dev/bigbluebutton/bigbluebutton-html5/app/.meteor/local/build/programs/web.browser/packages/maibaum_foundation-icons.js',
       served: true,
       included: true,
       watched: false,
       nocache: false },
     { pattern: '/home/vagrant/dev/bigbluebutton/bigbluebutton-html5/app/.meteor/local/build/programs/web.browser/packages/aldeed_template-extension.js',
       served: true,
       included: true,
       watched: false,
       nocache: false },
     { pattern: '/home/vagrant/dev/bigbluebutton/bigbluebutton-html5/app/.meteor/local/build/programs/web.browser/packages/chriswessels_hammer.js',
       served: true,
       included: true,
       watched: false,
       nocache: false },
     { pattern: '/home/vagrant/dev/bigbluebutton/bigbluebutton-html5/app/.meteor/local/build/programs/web.browser/packages/fastclick.js',
       served: true,
       included: true,
       watched: false,
       nocache: false },
     { pattern: '/home/vagrant/dev/bigbluebutton/bigbluebutton-html5/app/.meteor/local/build/programs/web.browser/packages/standard-minifiers.js',
       served: true,
       included: true,
       watched: false,
       nocache: false },
     { pattern: '/home/vagrant/dev/bigbluebutton/bigbluebutton-html5/app/.meteor/local/build/programs/web.browser/packages/cfs_reactive-property.js',
       served: true,
       included: true,
       watched: false,
       nocache: false },
     { pattern: '/home/vagrant/dev/bigbluebutton/bigbluebutton-html5/app/.meteor/local/build/programs/web.browser/packages/cfs_reactive-list.js',
       served: true,
       included: true,
       watched: false,
       nocache: false },
     { pattern: '/home/vagrant/dev/bigbluebutton/bigbluebutton-html5/app/.meteor/local/build/programs/web.browser/packages/cfs_micro-queue.js',
       served: true,
       included: true,
       watched: false,
       nocache: false },
     { pattern: '/home/vagrant/dev/bigbluebutton/bigbluebutton-html5/app/.meteor/local/build/programs/web.browser/packages/cfs_power-queue.js',
       served: true,
       included: true,
       watched: false,
       nocache: false },
     { pattern: '/home/vagrant/dev/bigbluebutton/bigbluebutton-html5/app/.meteor/local/build/programs/server/assets/packages/sanjo_jasmine/src/client/unit/assets/mocks/packages/autoupdate.js',
       served: true,
       included: true,
       watched: true,
       nocache: false },
     { pattern: '/home/vagrant/dev/bigbluebutton/bigbluebutton-html5/app/.meteor/local/build/programs/web.browser/packages/meteor-platform.js',
       served: true,
       included: true,
       watched: false,
       nocache: false },
     { pattern: '/home/vagrant/dev/bigbluebutton/bigbluebutton-html5/app/.meteor/local/build/programs/web.browser/packages/logging.js',
       served: true,
       included: true,
       watched: false,
       nocache: false },
     { pattern: '/home/vagrant/dev/bigbluebutton/bigbluebutton-html5/app/.meteor/local/build/programs/web.browser/packages/livedata.js',
       served: true,
       included: true,
       watched: false,
       nocache: false },
     { pattern: '/home/vagrant/dev/bigbluebutton/bigbluebutton-html5/app/.meteor/local/build/programs/web.browser/packages/launch-screen.js',
       served: true,
       included: true,
       watched: false,
       nocache: false },
     { pattern: '/home/vagrant/dev/bigbluebutton/bigbluebutton-html5/app/.meteor/local/build/programs/web.browser/packages/global-imports.js',
       served: true,
       included: true,
       watched: false,
       nocache: false },
     { pattern: '/home/vagrant/dev/bigbluebutton/bigbluebutton-html5/app/.meteor/local/build/programs/web.browser/packages/mizzao_jquery-ui/images/ui-bg_flat_0_aaaaaa_40x100.png',
       served: true,
       included: false,
       watched: false,
       nocache: false },
     { pattern: '/home/vagrant/dev/bigbluebutton/bigbluebutton-html5/app/.meteor/local/build/programs/web.browser/packages/mizzao_jquery-ui/images/ui-bg_flat_75_ffffff_40x100.png',
       served: true,
       included: false,
       watched: false,
       nocache: false },
     { pattern: '/home/vagrant/dev/bigbluebutton/bigbluebutton-html5/app/.meteor/local/build/programs/web.browser/packages/mizzao_jquery-ui/images/ui-bg_glass_55_fbf9ee_1x400.png',
       served: true,
       included: false,
       watched: false,
       nocache: false },
     { pattern: '/home/vagrant/dev/bigbluebutton/bigbluebutton-html5/app/.meteor/local/build/programs/web.browser/packages/mizzao_jquery-ui/images/ui-bg_glass_65_ffffff_1x400.png',
       served: true,
       included: false,
       watched: false,
       nocache: false },
     { pattern: '/home/vagrant/dev/bigbluebutton/bigbluebutton-html5/app/.meteor/local/build/programs/web.browser/packages/mizzao_jquery-ui/images/ui-bg_glass_75_dadada_1x400.png',
       served: true,
       included: false,
       watched: false,
       nocache: false },
     { pattern: '/home/vagrant/dev/bigbluebutton/bigbluebutton-html5/app/.meteor/local/build/programs/web.browser/packages/mizzao_jquery-ui/images/ui-bg_glass_75_e6e6e6_1x400.png',
       served: true,
       included: false,
       watched: false,
       nocache: false },
     { pattern: '/home/vagrant/dev/bigbluebutton/bigbluebutton-html5/app/.meteor/local/build/programs/web.browser/packages/mizzao_jquery-ui/images/ui-bg_glass_95_fef1ec_1x400.png',
       served: true,
       included: false,
       watched: false,
       nocache: false },
     { pattern: '/home/vagrant/dev/bigbluebutton/bigbluebutton-html5/app/.meteor/local/build/programs/web.browser/packages/mizzao_jquery-ui/images/ui-bg_highlight-soft_75_cccccc_1x100.png',
       served: true,
       included: false,
       watched: false,
       nocache: false },
     { pattern: '/home/vagrant/dev/bigbluebutton/bigbluebutton-html5/app/.meteor/local/build/programs/web.browser/packages/mizzao_jquery-ui/images/ui-icons_222222_256x240.png',
       served: true,
       included: false,
       watched: false,
       nocache: false },
     { pattern: '/home/vagrant/dev/bigbluebutton/bigbluebutton-html5/app/.meteor/local/build/programs/web.browser/packages/mizzao_jquery-ui/images/ui-icons_2e83ff_256x240.png',
       served: true,
       included: false,
       watched: false,
       nocache: false },
     { pattern: '/home/vagrant/dev/bigbluebutton/bigbluebutton-html5/app/.meteor/local/build/programs/web.browser/packages/mizzao_jquery-ui/images/ui-icons_454545_256x240.png',
       served: true,
       included: false,
       watched: false,
       nocache: false },
     { pattern: '/home/vagrant/dev/bigbluebutton/bigbluebutton-html5/app/.meteor/local/build/programs/web.browser/packages/mizzao_jquery-ui/images/ui-icons_888888_256x240.png',
       served: true,
       included: false,
       watched: false,
       nocache: false },
     { pattern: '/home/vagrant/dev/bigbluebutton/bigbluebutton-html5/app/.meteor/local/build/programs/web.browser/packages/mizzao_jquery-ui/images/ui-icons_cd0a0a_256x240.png',
       served: true,
       included: false,
       watched: false,
       nocache: false },
     { pattern: '/home/vagrant/dev/bigbluebutton/bigbluebutton-html5/app/.meteor/local/build/programs/web.browser/packages/velocity_meteor-stubs/index.js',
       served: true,
       included: false,
       watched: false,
       nocache: false },
     { pattern: '/home/vagrant/dev/bigbluebutton/bigbluebutton-html5/app/.meteor/local/build/programs/web.browser/packages/maibaum_foundation-icons/foundation-icons/foundation-icons.eot',
       served: true,
       included: false,
       watched: false,
       nocache: false },
     { pattern: '/home/vagrant/dev/bigbluebutton/bigbluebutton-html5/app/.meteor/local/build/programs/web.browser/packages/maibaum_foundation-icons/foundation-icons/foundation-icons.svg',
       served: true,
       included: false,
       watched: false,
       nocache: false },
     { pattern: '/home/vagrant/dev/bigbluebutton/bigbluebutton-html5/app/.meteor/local/build/programs/web.browser/packages/maibaum_foundation-icons/foundation-icons/foundation-icons.ttf',
       served: true,
       included: false,
       watched: false,
       nocache: false },
     { pattern: '/home/vagrant/dev/bigbluebutton/bigbluebutton-html5/app/.meteor/local/build/programs/web.browser/packages/maibaum_foundation-icons/foundation-icons/foundation-icons.woff',
       served: true,
       included: false,
       watched: false,
       nocache: false },
     { pattern: '/home/vagrant/dev/bigbluebutton/bigbluebutton-html5/app/.meteor/local/build/programs/web.browser/packages/ionicons/fonts/ionicons.ttf',
       served: true,
       included: false,
       watched: false,
       nocache: false },
     { pattern: '/home/vagrant/dev/bigbluebutton/bigbluebutton-html5/app/.meteor/local/build/programs/web.browser/packages/ionicons/fonts/ionicons.woff',
       served: true,
       included: false,
       watched: false,
       nocache: false },
     { pattern: '/home/vagrant/dev/bigbluebutton/bigbluebutton-html5/app/.meteor/local/build/programs/server/assets/packages/sanjo_jasmine/src/client/unit/assets/jasmine-jquery.js',
       served: true,
       included: true,
       watched: true,
       nocache: false },
     { pattern: '/home/vagrant/dev/bigbluebutton/bigbluebutton-html5/app/.meteor/local/build/programs/server/assets/packages/sanjo_jasmine/.npm/package/node_modules/component-mocker/index.js',
       served: true,
       included: true,
       watched: true,
       nocache: false },
     { pattern: '/home/vagrant/dev/bigbluebutton/bigbluebutton-html5/app/.meteor/local/build/programs/server/assets/packages/sanjo_jasmine/src/lib/mock.js',
       served: true,
       included: true,
       watched: true,
       nocache: false },
     { pattern: '/home/vagrant/dev/bigbluebutton/bigbluebutton-html5/app/.meteor/local/build/programs/server/assets/packages/sanjo_jasmine/src/lib/VelocityTestReporter.js',
       served: true,
       included: true,
       watched: true,
       nocache: false },
     { pattern: '/home/vagrant/dev/bigbluebutton/bigbluebutton-html5/app/.meteor/local/build/programs/server/assets/packages/sanjo_jasmine/src/client/unit/assets/adapter.js',
       served: true,
       included: true,
       watched: true,
       nocache: false },
     { pattern: '/home/vagrant/dev/bigbluebutton/bigbluebutton-html5/app/.meteor/local/build/programs/server/assets/packages/velocity_meteor-stubs/index.js',
       served: true,
       included: true,
       watched: true,
       nocache: false },
     { pattern: '/home/vagrant/dev/bigbluebutton/bigbluebutton-html5/app/.meteor/local/build/programs/server/assets/packages/sanjo_jasmine/src/client/unit/assets/helpers/iron_router.js',
       served: true,
       included: true,
       watched: true,
       nocache: false },
     { pattern: '/home/vagrant/dev/bigbluebutton/bigbluebutton-html5/app/tests/jasmine/client/unit/**/*-+(stub|stubs|mock|mocks).+(js|coffee|litcoffee|coffee.md)',
       served: true,
       included: true,
       watched: true,
       nocache: false },
     { pattern: '/home/vagrant/dev/bigbluebutton/bigbluebutton-html5/app/.meteor/local/build/programs/web.browser/app/client/views/chat/template.chat_bar.js',
       served: true,
       included: true,
       watched: false,
       nocache: false },
     { pattern: '/home/vagrant/dev/bigbluebutton/bigbluebutton-html5/app/.meteor/local/build/programs/web.browser/app/client/views/modals/template.modals.js',
       served: true,
       included: true,
       watched: false,
       nocache: false },
     { pattern: '/home/vagrant/dev/bigbluebutton/bigbluebutton-html5/app/.meteor/local/build/programs/web.browser/app/client/views/users/template.user_item.js',
       served: true,
       included: true,
       watched: false,
       nocache: false },
     { pattern: '/home/vagrant/dev/bigbluebutton/bigbluebutton-html5/app/.meteor/local/build/programs/web.browser/app/client/views/users/template.users_list.js',
       served: true,
       included: true,
       watched: false,
       nocache: false },
     { pattern: '/home/vagrant/dev/bigbluebutton/bigbluebutton-html5/app/.meteor/local/build/programs/web.browser/app/client/views/whiteboard/template.slide.js',
       served: true,
       included: true,
       watched: false,
       nocache: false },
     { pattern: '/home/vagrant/dev/bigbluebutton/bigbluebutton-html5/app/.meteor/local/build/programs/web.browser/app/client/views/whiteboard/template.whiteboard.js',
       served: true,
       included: true,
       watched: false,
       nocache: false },
     { pattern: '/home/vagrant/dev/bigbluebutton/bigbluebutton-html5/app/.meteor/local/build/programs/web.browser/app/client/views/template.layout.js',
       served: true,
       included: true,
       watched: false,
       nocache: false },
     { pattern: '/home/vagrant/dev/bigbluebutton/bigbluebutton-html5/app/.meteor/local/build/programs/web.browser/app/client/views/template.sharedTemplates.js',
       served: true,
       included: true,
       watched: false,
       nocache: false },
     { pattern: '/home/vagrant/dev/bigbluebutton/bigbluebutton-html5/app/.meteor/local/build/programs/web.browser/app/client/template.main.js',
       served: true,
       included: true,
       watched: false,
       nocache: false },
     { pattern: '/home/vagrant/dev/bigbluebutton/bigbluebutton-html5/app/.meteor/local/build/programs/web.browser/app/client/lib/bbb_api_bridge.coffee.js',
       served: true,
       included: true,
       watched: false,
       nocache: false },
     { pattern: '/home/vagrant/dev/bigbluebutton/bigbluebutton-html5/app/.meteor/local/build/programs/web.browser/app/client/lib/regex-weburl.js',
       served: true,
       included: true,
       watched: false,
       nocache: false },
     { pattern: '/home/vagrant/dev/bigbluebutton/bigbluebutton-html5/app/.meteor/local/build/programs/web.browser/app/client/lib/scale.raphael.js',
       served: true,
       included: true,
       watched: false,
       nocache: false },
     { pattern: '/home/vagrant/dev/bigbluebutton/bigbluebutton-html5/app/.meteor/local/build/programs/web.browser/app/lib/environment.coffee.js',
       served: true,
       included: true,
       watched: false,
       nocache: false },
     { pattern: '/home/vagrant/dev/bigbluebutton/bigbluebutton-html5/app/.meteor/local/build/programs/web.browser/app/lib/router.coffee.js',
       served: true,
       included: true,
       watched: false,
       nocache: false },
     { pattern: '/home/vagrant/dev/bigbluebutton/bigbluebutton-html5/app/.meteor/local/build/programs/web.browser/app/client/views/chat/chat_bar.coffee.js',
       served: true,
       included: true,
       watched: false,
       nocache: false },
     { pattern: '/home/vagrant/dev/bigbluebutton/bigbluebutton-html5/app/.meteor/local/build/programs/web.browser/app/client/views/modals/modals.coffee.js',
       served: true,
       included: true,
       watched: false,
       nocache: false },
     { pattern: '/home/vagrant/dev/bigbluebutton/bigbluebutton-html5/app/.meteor/local/build/programs/web.browser/app/client/views/users/user_item.coffee.js',
       served: true,
       included: true,
       watched: false,
       nocache: false },
     { pattern: '/home/vagrant/dev/bigbluebutton/bigbluebutton-html5/app/.meteor/local/build/programs/web.browser/app/client/views/users/user_list.coffee.js',
       served: true,
       included: true,
       watched: false,
       nocache: false },
     { pattern: '/home/vagrant/dev/bigbluebutton/bigbluebutton-html5/app/.meteor/local/build/programs/web.browser/app/client/views/whiteboard/slide.coffee.js',
       served: true,
       included: true,
       watched: false,
       nocache: false },
     { pattern: '/home/vagrant/dev/bigbluebutton/bigbluebutton-html5/app/.meteor/local/build/programs/web.browser/app/client/views/whiteboard/whiteboard.coffee.js',
       served: true,
       included: true,
       watched: false,
       nocache: false },
     { pattern: '/home/vagrant/dev/bigbluebutton/bigbluebutton-html5/app/.meteor/local/build/programs/web.browser/app/client/views/sharedTemplates.coffee.js',
       served: true,
       included: true,
       watched: false,
       nocache: false },
     { pattern: '/home/vagrant/dev/bigbluebutton/bigbluebutton-html5/app/.meteor/local/build/programs/web.browser/app/client/whiteboard_models/_whiteboard_tool.coffee.js',
       served: true,
       included: true,
       watched: false,
       nocache: false },
     { pattern: '/home/vagrant/dev/bigbluebutton/bigbluebutton-html5/app/.meteor/local/build/programs/web.browser/app/client/whiteboard_models/utils.coffee.js',
       served: true,
       included: true,
       watched: false,
       nocache: false },
     { pattern: '/home/vagrant/dev/bigbluebutton/bigbluebutton-html5/app/.meteor/local/build/programs/web.browser/app/client/whiteboard_models/whiteboard_cursor.coffee.js',
       served: true,
       included: true,
       watched: false,
       nocache: false },
     { pattern: '/home/vagrant/dev/bigbluebutton/bigbluebutton-html5/app/.meteor/local/build/programs/web.browser/app/client/whiteboard_models/whiteboard_ellipse.coffee.js',
       served: true,
       included: true,
       watched: false,
       nocache: false },
     { pattern: '/home/vagrant/dev/bigbluebutton/bigbluebutton-html5/app/.meteor/local/build/programs/web.browser/app/client/whiteboard_models/whiteboard_line.coffee.js',
       served: true,
       included: true,
       watched: false,
       nocache: false },
     { pattern: '/home/vagrant/dev/bigbluebutton/bigbluebutton-html5/app/.meteor/local/build/programs/web.browser/app/client/whiteboard_models/whiteboard_paper.coffee.js',
       served: true,
       included: true,
       watched: false,
       nocache: false },
     { pattern: '/home/vagrant/dev/bigbluebutton/bigbluebutton-html5/app/.meteor/local/build/programs/web.browser/app/client/whiteboard_models/whiteboard_poll.coffee.js',
       served: true,
       included: true,
       watched: false,
       nocache: false },
     { pattern: '/home/vagrant/dev/bigbluebutton/bigbluebutton-html5/app/.meteor/local/build/programs/web.browser/app/client/whiteboard_models/whiteboard_rect.coffee.js',
       served: true,
       included: true,
       watched: false,
       nocache: false },
     { pattern: '/home/vagrant/dev/bigbluebutton/bigbluebutton-html5/app/.meteor/local/build/programs/web.browser/app/client/whiteboard_models/whiteboard_slide.coffee.js',
       served: true,
       included: true,
       watched: false,
       nocache: false },
     { pattern: '/home/vagrant/dev/bigbluebutton/bigbluebutton-html5/app/.meteor/local/build/programs/web.browser/app/client/whiteboard_models/whiteboard_text.coffee.js',
       served: true,
       included: true,
       watched: false,
       nocache: false },
     { pattern: '/home/vagrant/dev/bigbluebutton/bigbluebutton-html5/app/.meteor/local/build/programs/web.browser/app/client/whiteboard_models/whiteboard_triangle.coffee.js',
       served: true,
       included: true,
       watched: false,
       nocache: false },
     { pattern: '/home/vagrant/dev/bigbluebutton/bigbluebutton-html5/app/.meteor/local/build/programs/web.browser/app/client/NotificationControl.coffee.js',
       served: true,
       included: true,
       watched: false,
       nocache: false },
     { pattern: '/home/vagrant/dev/bigbluebutton/bigbluebutton-html5/app/.meteor/local/build/programs/web.browser/app/client/globals.coffee.js',
       served: true,
       included: true,
       watched: false,
       nocache: false },
     { pattern: '/home/vagrant/dev/bigbluebutton/bigbluebutton-html5/app/.meteor/local/build/programs/web.browser/app/collections/collections.coffee.js',
       served: true,
       included: true,
       watched: false,
       nocache: false },
     { pattern: '/home/vagrant/dev/bigbluebutton/bigbluebutton-html5/app/.meteor/local/build/programs/web.browser/app/config.coffee.js',
       served: true,
       included: true,
       watched: false,
       nocache: false },
     { pattern: '/home/vagrant/dev/bigbluebutton/bigbluebutton-html5/app/.meteor/local/build/programs/web.browser/app/client/main.coffee.js',
       served: true,
       included: true,
       watched: false,
       nocache: false },
     { pattern: '/home/vagrant/dev/bigbluebutton/bigbluebutton-html5/app/.meteor/local/build/programs/web.browser/merged-stylesheets.css',
       served: true,
       included: true,
       watched: false,
       nocache: false },
     { pattern: '/home/vagrant/dev/bigbluebutton/bigbluebutton-html5/app/.meteor/local/build/programs/web.browser/head.html',
       served: true,
       included: false,
       watched: false,
       nocache: false },
     { pattern: '/home/vagrant/dev/bigbluebutton/bigbluebutton-html5/app/tests/jasmine/client/unit/**/*.+(js|coffee|litcoffee|coffee.md)',
       served: true,
       included: true,
       watched: true,
       nocache: false } ],
  exclude: [],
  logLevel: 'INFO',
  colors: true,
  autoWatch: true,
  autoWatchBatchDelay: 250,
  usePolling: true,
  reporters: [ 'progress' ],
  singleRun: false,
  browsers: [ 'PhantomJS' ],
  captureTimeout: 60000,
  proxies: 
   { '/packages/mizzao_jquery-ui/images/ui-bg_flat_0_aaaaaa_40x100.png': '/base/.meteor/local/build/programs/web.browser/packages/mizzao_jquery-ui/images/ui-bg_flat_0_aaaaaa_40x100.png',
     '/packages/mizzao_jquery-ui/images/ui-bg_flat_75_ffffff_40x100.png': '/base/.meteor/local/build/programs/web.browser/packages/mizzao_jquery-ui/images/ui-bg_flat_75_ffffff_40x100.png',
     '/packages/mizzao_jquery-ui/images/ui-bg_glass_55_fbf9ee_1x400.png': '/base/.meteor/local/build/programs/web.browser/packages/mizzao_jquery-ui/images/ui-bg_glass_55_fbf9ee_1x400.png',
     '/packages/mizzao_jquery-ui/images/ui-bg_glass_65_ffffff_1x400.png': '/base/.meteor/local/build/programs/web.browser/packages/mizzao_jquery-ui/images/ui-bg_glass_65_ffffff_1x400.png',
     '/packages/mizzao_jquery-ui/images/ui-bg_glass_75_dadada_1x400.png': '/base/.meteor/local/build/programs/web.browser/packages/mizzao_jquery-ui/images/ui-bg_glass_75_dadada_1x400.png',
     '/packages/mizzao_jquery-ui/images/ui-bg_glass_75_e6e6e6_1x400.png': '/base/.meteor/local/build/programs/web.browser/packages/mizzao_jquery-ui/images/ui-bg_glass_75_e6e6e6_1x400.png',
     '/packages/mizzao_jquery-ui/images/ui-bg_glass_95_fef1ec_1x400.png': '/base/.meteor/local/build/programs/web.browser/packages/mizzao_jquery-ui/images/ui-bg_glass_95_fef1ec_1x400.png',
     '/packages/mizzao_jquery-ui/images/ui-bg_highlight-soft_75_cccccc_1x100.png': '/base/.meteor/local/build/programs/web.browser/packages/mizzao_jquery-ui/images/ui-bg_highlight-soft_75_cccccc_1x100.png',
     '/packages/mizzao_jquery-ui/images/ui-icons_222222_256x240.png': '/base/.meteor/local/build/programs/web.browser/packages/mizzao_jquery-ui/images/ui-icons_222222_256x240.png',
     '/packages/mizzao_jquery-ui/images/ui-icons_2e83ff_256x240.png': '/base/.meteor/local/build/programs/web.browser/packages/mizzao_jquery-ui/images/ui-icons_2e83ff_256x240.png',
     '/packages/mizzao_jquery-ui/images/ui-icons_454545_256x240.png': '/base/.meteor/local/build/programs/web.browser/packages/mizzao_jquery-ui/images/ui-icons_454545_256x240.png',
     '/packages/mizzao_jquery-ui/images/ui-icons_888888_256x240.png': '/base/.meteor/local/build/programs/web.browser/packages/mizzao_jquery-ui/images/ui-icons_888888_256x240.png',
     '/packages/mizzao_jquery-ui/images/ui-icons_cd0a0a_256x240.png': '/base/.meteor/local/build/programs/web.browser/packages/mizzao_jquery-ui/images/ui-icons_cd0a0a_256x240.png',
     '/packages/velocity_meteor-stubs/index.js': '/base/.meteor/local/build/programs/web.browser/packages/velocity_meteor-stubs/index.js',
     '/packages/maibaum_foundation-icons/foundation-icons/foundation-icons.eot': '/base/.meteor/local/build/programs/web.browser/packages/maibaum_foundation-icons/foundation-icons/foundation-icons.eot',
     '/packages/maibaum_foundation-icons/foundation-icons/foundation-icons.svg': '/base/.meteor/local/build/programs/web.browser/packages/maibaum_foundation-icons/foundation-icons/foundation-icons.svg',
     '/packages/maibaum_foundation-icons/foundation-icons/foundation-icons.ttf': '/base/.meteor/local/build/programs/web.browser/packages/maibaum_foundation-icons/foundation-icons/foundation-icons.ttf',
     '/packages/maibaum_foundation-icons/foundation-icons/foundation-icons.woff': '/base/.meteor/local/build/programs/web.browser/packages/maibaum_foundation-icons/foundation-icons/foundation-icons.woff',
     '/packages/ionicons/fonts/ionicons.ttf': '/base/.meteor/local/build/programs/web.browser/packages/ionicons/fonts/ionicons.ttf',
     '/packages/ionicons/fonts/ionicons.woff': '/base/.meteor/local/build/programs/web.browser/packages/ionicons/fonts/ionicons.woff' },
  proxyValidateSSL: true,
  preprocessors: { '/home/vagrant/dev/bigbluebutton/bigbluebutton-html5/app/**/*.{coffee,litcoffee,coffee.md}': [ 'coffee' ] },
  urlRoot: '/',
  reportSlowerThan: 0,
  loggers: [ { type: 'console', layout: [Object], makers: [Object] } ],
  transports: [ 'polling', 'websocket' ],
  plugins: 
   [ 'karma-jasmine',
     'karma-phantomjs-launcher',
     'karma-coffee-preprocessor',
     { 'launcher:HiddenChrome': [Object] } ],
  client: 
   { contextFile: '/home/vagrant/dev/bigbluebutton/bigbluebutton-html5/app/.meteor/local/karma/jasmine-client-unit/context.html',
     debugFile: '/home/vagrant/dev/bigbluebutton/bigbluebutton-html5/app/.meteor/local/karma/jasmine-client-unit/debug.html',
     args: [ [Object] ],
     useIframe: true,
     captureConsole: true },
  defaultClient: { args: [], useIframe: true, captureConsole: true },
  browserDisconnectTimeout: 10000,
  browserDisconnectTolerance: 0,
  browserNoActivityTimeout: 15000,
  customLaunchers: { HiddenChrome: { base: 'Chrome', flags: [Object] } },
  coffeePreprocessor: { options: { bare: true, sourceMap: true } } }
[33m12 01 2016 12:45:14.078:WARN [watcher]: [39mPattern "/home/vagrant/dev/bigbluebutton/bigbluebutton-html5/app/tests/jasmine/client/unit/**/*-+(stub|stubs|mock|mocks).+(js|coffee|litcoffee|coffee.md)" does not match any file.
[33m12 01 2016 12:45:14.290:WARN [karma]: [39mNo captured browser, open http://localhost:9876/
[32m12 01 2016 12:45:14.299:INFO [karma]: [39mKarma v0.13.9 server started at http://localhost:9876/
[32m12 01 2016 12:45:14.305:INFO [launcher]: [39mStarting browser PhantomJS
[32m12 01 2016 12:45:14.860:INFO [PhantomJS 1.9.8 (Linux 0.0.0)]: [39mConnected on socket BnlcSm3xwDBwXp1jAAAA with id 11728754
[33m12 01 2016 12:45:15.394:WARN [web-server]: [39m404: /client/lib/sip.js?_=1452602714971
[33m12 01 2016 12:45:15.394:WARN [web-server]: [39m404: /client/lib/bbb_webrtc_bridge_sip.js?_=1452602714972
[33m12 01 2016 12:45:15.395:WARN [web-server]: [39m404: /client/lib/bbblogger.js?_=1452602714973
PhantomJS 1.9.8 (Linux 0.0.0) LOG: 'Failed to load library', Object{readyState: 4, getResponseHeader: function (key) { ... }, getAllResponseHeaders: function () { ... }, setRequestHeader: function (name, value) { ... }, overrideMimeType: function (type) { ... }, statusCode: function (map) { ... }, abort: function (statusText) { ... }, state: function () { ... }, always: function () { ... }, then: function () { ... }, promise: function (obj) { ... }, pipe: function () { ... }, done: function () { ... }, fail: function () { ... }, progress: function () { ... }, complete: function () { ... }, success: function () { ... }, error: function () { ... }, responseText: 'NOT FOUND', status: 404, statusText: 'Not Found'}

PhantomJS 1.9.8 (Linux 0.0.0) LOG: 'Failed to load library', Object{readyState: 4, getResponseHeader: function (key) { ... }, getAllResponseHeaders: function () { ... }, setRequestHeader: function (name, value) { ... }, overrideMimeType: function (type) { ... }, statusCode: function (map) { ... }, abort: function (statusText) { ... }, state: function () { ... }, always: function () { ... }, then: function () { ... }, promise: function (obj) { ... }, pipe: function () { ... }, done: function () { ... }, fail: function () { ... }, progress: function () { ... }, complete: function () { ... }, success: function () { ... }, error: function () { ... }, responseText: 'NOT FOUND', status: 404, statusText: 'Not Found'}

PhantomJS 1.9.8 (Linux 0.0.0) LOG: 'Failed to load library', Object{readyState: 4, getResponseHeader: function (key) { ... }, getAllResponseHeaders: function () { ... }, setRequestHeader: function (name, value) { ... }, overrideMimeType: function (type) { ... }, statusCode: function (map) { ... }, abort: function (statusText) { ... }, state: function () { ... }, always: function () { ... }, then: function () { ... }, promise: function (obj) { ... }, pipe: function () { ... }, done: function () { ... }, fail: function () { ... }, progress: function () { ... }, complete: function () { ... }, success: function () { ... }, error: function () { ... }, responseText: 'NOT FOUND', status: 404, statusText: 'Not Found'}

[33m12 01 2016 12:45:30.455:WARN [PhantomJS 1.9.8 (Linux 0.0.0)]: [39mDisconnected (1 times), because no message in 15000 ms.

Parent process ( 11060 ) is dead! Exiting jasmine-client-unit
